# JRE version: OpenJDK Runtime Environment (17.0.11) (build 17.0.11+0--11852314)
# Java VM: OpenJDK 64-Bit Server VM (17.0.11+0--11852314, mixed mode, tiered, compressed oops, compressed class ptrs, g1 gc, windows-amd64)
GC Precious Log:
 CPUs: 4 total, 4 available
 Memory: 16163M
 Large Page Support: Disabled
 NUMA Support: Disabled
 Compressed Oops: Enabled (32-bit)
 Heap Region Size: 1M
 Heap Min Capacity: 8M
 Heap Initial Capacity: 254M
 Heap Max Capacity: 2G
 Pre-touch: Disabled
 Parallel Workers: 4
 Concurrent Workers: 1
 Concurrent Refinement Workers: 4
 Periodic GC: Disabled
Heap:
 garbage-first heap   total 427008K, used 203669K [0x0000000080000000, 0x0000000100000000)
  region size 1024K, 6 young (6144K), 6 survivors (6144K)
 Metaspace       used 168155K, committed 169600K, reserved 1245184K
  class space    used 22949K, committed 23680K, reserved 1048576K
GC Heap History (20 events):
Event: 770.774 GC heap after
{Heap after GC invocations=114 (full 0):
 garbage-first heap   total 427008K, used 186852K [0x0000000080000000, 0x0000000100000000)
  region size 1024K, 3 young (3072K), 3 survivors (3072K)
 Metaspace       used 139388K, committed 140608K, reserved 1179648K
  class space    used 19328K, committed 19904K, reserved 1048576K
}
Event: 792.242 GC heap before
{Heap before GC invocations=114 (full 0):
 garbage-first heap   total 427008K, used 331236K [0x0000000080000000, 0x0000000100000000)
  region size 1024K, 146 young (149504K), 3 survivors (3072K)
 Metaspace       used 139592K, committed 140736K, reserved 1179648K
  class space    used 19349K, committed 19904K, reserved 1048576K
}
Event: 792.253 GC heap after
{Heap after GC invocations=115 (full 0):
 garbage-first heap   total 427008K, used 190437K [0x0000000080000000, 0x0000000100000000)
  region size 1024K, 6 young (6144K), 6 survivors (6144K)
 Metaspace       used 139592K, committed 140736K, reserved 1179648K
  class space    used 19349K, committed 19904K, reserved 1048576K
}
Event: 1726.654 GC heap before
{Heap before GC invocations=116 (full 0):
 garbage-first heap   total 427008K, used 375781K [0x0000000080000000, 0x0000000100000000)
  region size 1024K, 158 young (161792K), 6 survivors (6144K)
 Metaspace       used 140519K, committed 141696K, reserved 1179648K
  class space    used 19397K, committed 19968K, reserved 1048576K
}
Event: 1726.711 GC heap after
{Heap after GC invocations=117 (full 0):
 garbage-first heap   total 427008K, used 190437K [0x0000000080000000, 0x0000000100000000)
  region size 1024K, 7 young (7168K), 7 survivors (7168K)
 Metaspace       used 140519K, committed 141696K, reserved 1179648K
  class space    used 19397K, committed 19968K, reserved 1048576K
}
Event: 1727.147 GC heap before
{Heap before GC invocations=117 (full 0):
 garbage-first heap   total 427008K, used 203749K [0x0000000080000000, 0x0000000100000000)
  region size 1024K, 20 young (20480K), 7 survivors (7168K)
 Metaspace       used 140565K, committed 141760K, reserved 1179648K
  class space    used 19397K, committed 19968K, reserved 1048576K
}
Event: 1727.197 GC heap after
{Heap after GC invocations=118 (full 0):
 garbage-first heap   total 427008K, used 178321K [0x0000000080000000, 0x0000000100000000)
  region size 1024K, 3 young (3072K), 3 survivors (3072K)
 Metaspace       used 140565K, committed 141760K, reserved 1179648K
  class space    used 19397K, committed 19968K, reserved 1048576K
}
Event: 1744.010 GC heap before
{Heap before GC invocations=118 (full 0):
 garbage-first heap   total 427008K, used 348305K [0x0000000080000000, 0x0000000100000000)
  region size 1024K, 170 young (174080K), 3 survivors (3072K)
 Metaspace       used 143999K, committed 145280K, reserved 1179648K
  class space    used 19770K, committed 20416K, reserved 1048576K
}
Event: 1744.038 GC heap after
{Heap after GC invocations=119 (full 0):
 garbage-first heap   total 427008K, used 188819K [0x0000000080000000, 0x0000000100000000)
  region size 1024K, 14 young (14336K), 14 survivors (14336K)
 Metaspace       used 143999K, committed 145280K, reserved 1179648K
  class space    used 19770K, committed 20416K, reserved 1048576K
}
Event: 1759.392 GC heap before
{Heap before GC invocations=120 (full 0):
 garbage-first heap   total 427008K, used 351635K [0x0000000080000000, 0x0000000100000000)
  region size 1024K, 168 young (172032K), 14 survivors (14336K)
 Metaspace       used 152926K, committed 154368K, reserved 1245184K
  class space    used 20960K, committed 21696K, reserved 1048576K
}
Event: 1759.418 GC heap after
{Heap after GC invocations=121 (full 0):
 garbage-first heap   total 427008K, used 195791K [0x0000000080000000, 0x0000000100000000)
  region size 1024K, 6 young (6144K), 6 survivors (6144K)
 Metaspace       used 152926K, committed 154368K, reserved 1245184K
  class space    used 20960K, committed 21696K, reserved 1048576K
}
Event: 1759.489 GC heap before
{Heap before GC invocations=121 (full 0):
 garbage-first heap   total 427008K, used 209103K [0x0000000080000000, 0x0000000100000000)
  region size 1024K, 20 young (20480K), 6 survivors (6144K)
 Metaspace       used 152931K, committed 154368K, reserved 1245184K
  class space    used 20960K, committed 21696K, reserved 1048576K
}
Event: 1759.508 GC heap after
{Heap after GC invocations=122 (full 0):
 garbage-first heap   total 427008K, used 178647K [0x0000000080000000, 0x0000000100000000)
  region size 1024K, 3 young (3072K), 3 survivors (3072K)
 Metaspace       used 152931K, committed 154368K, reserved 1245184K
  class space    used 20960K, committed 21696K, reserved 1048576K
}
Event: 1759.908 GC heap before
{Heap before GC invocations=122 (full 0):
 garbage-first heap   total 427008K, used 188887K [0x0000000080000000, 0x0000000100000000)
  region size 1024K, 14 young (14336K), 3 survivors (3072K)
 Metaspace       used 152974K, committed 154432K, reserved 1245184K
  class space    used 20968K, committed 21696K, reserved 1048576K
}
Event: 1759.914 GC heap after
{Heap after GC invocations=123 (full 0):
 garbage-first heap   total 427008K, used 180672K [0x0000000080000000, 0x0000000100000000)
  region size 1024K, 5 young (5120K), 5 survivors (5120K)
 Metaspace       used 152974K, committed 154432K, reserved 1245184K
  class space    used 20968K, committed 21696K, reserved 1048576K
}
Event: 1763.081 GC heap before
{Heap before GC invocations=124 (full 0):
 garbage-first heap   total 427008K, used 306152K [0x0000000080000000, 0x0000000100000000)
  region size 1024K, 122 young (124928K), 5 survivors (5120K)
 Metaspace       used 162750K, committed 164224K, reserved 1245184K
  class space    used 22090K, committed 22848K, reserved 1048576K
}
Event: 1763.099 GC heap after
{Heap after GC invocations=125 (full 0):
 garbage-first heap   total 427008K, used 200968K [0x0000000080000000, 0x0000000100000000)
  region size 1024K, 16 young (16384K), 16 survivors (16384K)
 Metaspace       used 162750K, committed 164224K, reserved 1245184K
  class space    used 22090K, committed 22848K, reserved 1048576K
}
Event: 1763.192 GC heap before
{Heap before GC invocations=125 (full 0):
 garbage-first heap   total 427008K, used 205064K [0x0000000080000000, 0x0000000100000000)
  region size 1024K, 20 young (20480K), 16 survivors (16384K)
 Metaspace       used 162991K, committed 164480K, reserved 1245184K
  class space    used 22114K, committed 22848K, reserved 1048576K
}
Event: 1763.216 GC heap after
{Heap after GC invocations=126 (full 0):
 garbage-first heap   total 427008K, used 199669K [0x0000000080000000, 0x0000000100000000)
  region size 1024K, 2 young (2048K), 2 survivors (2048K)
 Metaspace       used 162991K, committed 164480K, reserved 1245184K
  class space    used 22114K, committed 22848K, reserved 1048576K
}
Event: 1765.854 GC heap before
{Heap before GC invocations=126 (full 0):
 garbage-first heap   total 427008K, used 312309K [0x0000000080000000, 0x0000000100000000)
  region size 1024K, 112 young (114688K), 2 survivors (2048K)
 Metaspace       used 168155K, committed 169600K, reserved 1245184K
  class space    used 22949K, committed 23680K, reserved 1048576K
}

