# JRE version: OpenJDK Runtime Environment (17.0.11) (build 17.0.11+0--11852314)
# Java VM: OpenJDK 64-Bit Server VM (17.0.11+0--11852314, mixed mode, tiered, compressed oops, compressed class ptrs, g1 gc, windows-amd64)
GC Precious Log:
 CPUs: 4 total, 4 available
 Memory: 16163M
 Large Page Support: Disabled
 NUMA Support: Disabled
 Compressed Oops: Enabled (32-bit)
 Heap Region Size: 1M
 Heap Min Capacity: 8M
 Heap Initial Capacity: 254M
 Heap Max Capacity: 2G
 Pre-touch: Disabled
 Parallel Workers: 4
 Concurrent Workers: 1
 Concurrent Refinement Workers: 4
 Periodic GC: Disabled
Heap:
 garbage-first heap   total 588800K, used 311288K [0x0000000080000000, 0x0000000100000000)
  region size 1024K, 106 young (108544K), 11 survivors (11264K)
 Metaspace       used 164461K, committed 165696K, reserved 1245184K
  class space    used 22189K, committed 22784K, reserved 1048576K
GC Heap History (20 events):
Event: 93.890 GC heap before
{Heap before GC invocations=51 (full 0):
 garbage-first heap   total 299008K, used 205278K [0x0000000080000000, 0x0000000100000000)
  region size 1024K, 38 young (38912K), 3 survivors (3072K)
 Metaspace       used 114139K, committed 115200K, reserved 1179648K
  class space    used 15606K, committed 16128K, reserved 1048576K
}
Event: 93.901 GC heap after
{Heap after GC invocations=52 (full 0):
 garbage-first heap   total 299008K, used 173202K [0x0000000080000000, 0x0000000100000000)
  region size 1024K, 5 young (5120K), 5 survivors (5120K)
 Metaspace       used 114139K, committed 115200K, reserved 1179648K
  class space    used 15606K, committed 16128K, reserved 1048576K
}
Event: 93.974 GC heap before
{Heap before GC invocations=52 (full 0):
 garbage-first heap   total 299008K, used 181394K [0x0000000080000000, 0x0000000100000000)
  region size 1024K, 14 young (14336K), 5 survivors (5120K)
 Metaspace       used 116005K, committed 117056K, reserved 1179648K
  class space    used 15849K, committed 16384K, reserved 1048576K
}
Event: 94.002 GC heap after
{Heap after GC invocations=53 (full 0):
 garbage-first heap   total 299008K, used 151001K [0x0000000080000000, 0x0000000100000000)
  region size 1024K, 1 young (1024K), 1 survivors (1024K)
 Metaspace       used 116005K, committed 117056K, reserved 1179648K
  class space    used 15849K, committed 16384K, reserved 1048576K
}
Event: 94.133 GC heap before
{Heap before GC invocations=53 (full 0):
 garbage-first heap   total 299008K, used 165337K [0x0000000080000000, 0x0000000100000000)
  region size 1024K, 14 young (14336K), 1 survivors (1024K)
 Metaspace       used 118120K, committed 119168K, reserved 1179648K
  class space    used 16076K, committed 16576K, reserved 1048576K
}
Event: 94.147 GC heap after
{Heap after GC invocations=54 (full 0):
 garbage-first heap   total 588800K, used 153068K [0x0000000080000000, 0x0000000100000000)
  region size 1024K, 2 young (2048K), 2 survivors (2048K)
 Metaspace       used 118120K, committed 119168K, reserved 1179648K
  class space    used 16076K, committed 16576K, reserved 1048576K
}
Event: 98.192 GC heap before
{Heap before GC invocations=54 (full 0):
 garbage-first heap   total 588800K, used 454124K [0x0000000080000000, 0x0000000100000000)
  region size 1024K, 289 young (295936K), 2 survivors (2048K)
 Metaspace       used 122888K, committed 123968K, reserved 1179648K
  class space    used 16558K, committed 17088K, reserved 1048576K
}
Event: 98.228 GC heap after
{Heap after GC invocations=55 (full 0):
 garbage-first heap   total 588800K, used 194560K [0x0000000080000000, 0x0000000100000000)
  region size 1024K, 37 young (37888K), 37 survivors (37888K)
 Metaspace       used 122888K, committed 123968K, reserved 1179648K
  class space    used 16558K, committed 17088K, reserved 1048576K
}
Event: 101.622 GC heap before
{Heap before GC invocations=55 (full 0):
 garbage-first heap   total 588800K, used 448512K [0x0000000080000000, 0x0000000100000000)
  region size 1024K, 284 young (290816K), 37 survivors (37888K)
 Metaspace       used 137151K, committed 138176K, reserved 1179648K
  class space    used 18525K, committed 19008K, reserved 1048576K
}
Event: 101.651 GC heap after
{Heap after GC invocations=56 (full 0):
 garbage-first heap   total 588800K, used 189497K [0x0000000080000000, 0x0000000100000000)
  region size 1024K, 11 young (11264K), 11 survivors (11264K)
 Metaspace       used 137151K, committed 138176K, reserved 1179648K
  class space    used 18525K, committed 19008K, reserved 1048576K
}
Event: 104.583 GC heap before
{Heap before GC invocations=56 (full 0):
 garbage-first heap   total 588800K, used 453689K [0x0000000080000000, 0x0000000100000000)
  region size 1024K, 270 young (276480K), 11 survivors (11264K)
 Metaspace       used 143582K, committed 144640K, reserved 1179648K
  class space    used 19422K, committed 19968K, reserved 1048576K
}
Event: 104.600 GC heap after
{Heap after GC invocations=57 (full 0):
 garbage-first heap   total 588800K, used 196153K [0x0000000080000000, 0x0000000100000000)
  region size 1024K, 17 young (17408K), 17 survivors (17408K)
 Metaspace       used 143582K, committed 144640K, reserved 1179648K
  class space    used 19422K, committed 19968K, reserved 1048576K
}
Event: 107.985 GC heap before
{Heap before GC invocations=57 (full 0):
 garbage-first heap   total 588800K, used 482873K [0x0000000080000000, 0x0000000100000000)
  region size 1024K, 280 young (286720K), 17 survivors (17408K)
 Metaspace       used 155418K, committed 156544K, reserved 1245184K
  class space    used 21009K, committed 21568K, reserved 1048576K
}
Event: 108.012 GC heap after
{Heap after GC invocations=58 (full 0):
 garbage-first heap   total 588800K, used 215097K [0x0000000080000000, 0x0000000100000000)
  region size 1024K, 29 young (29696K), 29 survivors (29696K)
 Metaspace       used 155418K, committed 156544K, reserved 1245184K
  class space    used 21009K, committed 21568K, reserved 1048576K
}
Event: 109.281 GC heap before
{Heap before GC invocations=58 (full 0):
 garbage-first heap   total 588800K, used 474169K [0x0000000080000000, 0x0000000100000000)
  region size 1024K, 282 young (288768K), 29 survivors (29696K)
 Metaspace       used 155723K, committed 156800K, reserved 1245184K
  class space    used 21041K, committed 21568K, reserved 1048576K
}
Event: 109.307 GC heap after
{Heap after GC invocations=59 (full 0):
 garbage-first heap   total 588800K, used 217020K [0x0000000080000000, 0x0000000100000000)
  region size 1024K, 14 young (14336K), 14 survivors (14336K)
 Metaspace       used 155723K, committed 156800K, reserved 1245184K
  class space    used 21041K, committed 21568K, reserved 1048576K
}
Event: 111.384 GC heap before
{Heap before GC invocations=59 (full 0):
 garbage-first heap   total 588800K, used 481212K [0x0000000080000000, 0x0000000100000000)
  region size 1024K, 273 young (279552K), 14 survivors (14336K)
 Metaspace       used 160367K, committed 161472K, reserved 1245184K
  class space    used 21700K, committed 22208K, reserved 1048576K
}
Event: 111.407 GC heap after
{Heap after GC invocations=60 (full 0):
 garbage-first heap   total 588800K, used 225724K [0x0000000080000000, 0x0000000100000000)
  region size 1024K, 23 young (23552K), 23 survivors (23552K)
 Metaspace       used 160367K, committed 161472K, reserved 1245184K
  class space    used 21700K, committed 22208K, reserved 1048576K
}
Event: 113.999 GC heap before
{Heap before GC invocations=60 (full 0):
 garbage-first heap   total 588800K, used 513468K [0x0000000080000000, 0x0000000100000000)
  region size 1024K, 275 young (281600K), 23 survivors (23552K)
 Metaspace       used 163991K, committed 165120K, reserved 1245184K
  class space    used 22157K, committed 22720K, reserved 1048576K
}
Event: 114.020 GC heap after
{Heap after GC invocations=61 (full 0):
 garbage-first heap   total 588800K, used 216056K [0x0000000080000000, 0x0000000100000000)
  region size 1024K, 11 young (11264K), 11 survivors (11264K)
 Metaspace       used 163991K, committed 165120K, reserved 1245184K
  class space    used 22157K, committed 22720K, reserved 1048576K
}

